<?xml version="1.0" encoding="UTF-8"?>
<testng-results skipped="0" failed="0" ignored="1" total="5" passed="4">
  <reporter-output>
    <line>
      <![CDATA[first Test passed]]>
    </line>
    <line>
      <![CDATA[Second Test passed]]>
    </line>
    <line>
      <![CDATA[Second Test passed]]>
    </line>
    <line>
      <![CDATA[first Test passed]]>
    </line>
  </reporter-output>
  <suite name="Sanity" duration-ms="62" started-at="2018-03-28T15:21:31Z" finished-at="2018-03-28T15:21:31Z">
    <groups>
      <group name="BVT">
        <method signature="AppTest1.first1()[pri:0, instance:test.test.Learrn.AppTest1@1593948d]" name="first1" class="test.test.Learrn.AppTest1"/>
      </group> <!-- BVT -->
      <group name="Sanity">
        <method signature="AppTest1.first1()[pri:0, instance:test.test.Learrn.AppTest1@1593948d]" name="first1" class="test.test.Learrn.AppTest1"/>
        <method signature="AppTest1.second2(java.lang.String, boolean)[pri:1, instance:test.test.Learrn.AppTest1@1593948d]" name="second2" class="test.test.Learrn.AppTest1"/>
        <method signature="NewTest.first()[pri:2, instance:test.test.Learrn.NewTest@675d3402]" name="first" class="test.test.Learrn.NewTest"/>
      </group> <!-- Sanity -->
    </groups>
    <test name="First" duration-ms="62" started-at="2018-03-28T15:21:31Z" finished-at="2018-03-28T15:21:31Z">
      <class name="test.test.Learrn.NewTest">
        <test-method status="PASS" signature="first()[pri:2, instance:test.test.Learrn.NewTest@675d3402]" name="first" duration-ms="0" started-at="2018-03-28T15:21:31Z" finished-at="2018-03-28T15:21:31Z">
          <reporter-output>
            <line>
              <![CDATA[first Test passed]]>
            </line>
          </reporter-output>
        </test-method> <!-- first -->
      </class> <!-- test.test.Learrn.NewTest -->
      <class name="test.test.Learrn.AppTest1">
        <test-method status="PASS" signature="first1()[pri:0, instance:test.test.Learrn.AppTest1@1593948d]" name="first1" duration-ms="16" started-at="2018-03-28T15:21:31Z" finished-at="2018-03-28T15:21:31Z">
          <reporter-output>
            <line>
              <![CDATA[first Test passed]]>
            </line>
          </reporter-output>
        </test-method> <!-- first1 -->
        <test-method status="PASS" signature="second2(java.lang.String, boolean)[pri:1, instance:test.test.Learrn.AppTest1@1593948d]" name="second2" duration-ms="0" started-at="2018-03-28T15:21:31Z" data-provider="Param_values" finished-at="2018-03-28T15:21:31Z">
          <params>
            <param index="0">
              <value>
                <![CDATA[CC]]>
              </value>
            </param>
            <param index="1">
              <value>
                <![CDATA[true]]>
              </value>
            </param>
          </params>
          <reporter-output>
            <line>
              <![CDATA[Second Test passed]]>
            </line>
          </reporter-output>
        </test-method> <!-- second2 -->
        <test-method status="PASS" signature="second2(java.lang.String, boolean)[pri:1, instance:test.test.Learrn.AppTest1@1593948d]" name="second2" duration-ms="0" started-at="2018-03-28T15:21:31Z" data-provider="Param_values" finished-at="2018-03-28T15:21:31Z">
          <params>
            <param index="0">
              <value>
                <![CDATA[CDCD]]>
              </value>
            </param>
            <param index="1">
              <value>
                <![CDATA[true]]>
              </value>
            </param>
          </params>
          <reporter-output>
            <line>
              <![CDATA[Second Test passed]]>
            </line>
          </reporter-output>
        </test-method> <!-- second2 -->
      </class> <!-- test.test.Learrn.AppTest1 -->
    </test> <!-- First -->
  </suite> <!-- Sanity -->
</testng-results>
