<?xml version="1.0" encoding="UTF-8"?>
<!-- Generated by org.testng.reporters.JUnitXMLReporter -->
<testsuite hostname="LAPTOP-UCERKE4B" ignored="1" name="First" tests="4" failures="0" timestamp="28 Mar 2018 15:21:31 GMT" time="0.062" errors="0">
  <testcase name="first1" time="0.016" classname="test.test.Learrn.AppTest1"/>
  <testcase name="second2" time="0.0" classname="test.test.Learrn.AppTest1"/>
  <testcase name="second2" time="0.0" classname="test.test.Learrn.AppTest1"/>
  <testcase name="first" time="0.0" classname="test.test.Learrn.NewTest"/>
  <testcase name="second" time="0.0" classname="test.test.Learrn.NewTest">
    <ignored/>
  </testcase> <!-- second -->
</testsuite> <!-- First -->
